#
# There is insufficient memory for the Java Runtime Environment to continue.
# Native memory allocation (mmap) failed to map 43372544 bytes for committing reserved memory.
# Possible reasons:
#   The system is out of physical RAM or swap space
#   In 32 bit mode, the process size limit was hit
# Possible solutions:
#   Reduce memory load on the system
#   Increase physical memory or swap space
#   Check if swap backing store is full
#   Use 64 bit Java on a 64 bit OS
#   Decrease Java heap size (-Xmx/-Xms)
#   Decrease number of Java threads
#   Decrease Java thread stack sizes (-Xss)
#   Set larger code cache with -XX:ReservedCodeCacheSize=
# This output file may be truncated or incomplete.
#
#  Out of Memory Error (os_linux.cpp:2671), pid=22066, tid=140439174575872
#
# JRE version: Java(TM) SE Runtime Environment (8.0_20-b26) (build 1.8.0_20-b26)
# Java VM: Java HotSpot(TM) 64-Bit Server VM (25.20-b23 mixed mode linux-amd64 compressed oops)
# Failed to write core dump. Core dumps have been disabled. To enable core dumping, try "ulimit -c unlimited" before starting Java again
#

---------------  T H R E A D  ---------------

Current thread (0x00007fba9c06a800):  VMThread [stack: 0x00007fba8b0cf000,0x00007fba8b1d0000] [id=22073]

Stack: [0x00007fba8b0cf000,0x00007fba8b1d0000],  sp=0x00007fba8b1ce2f0,  free space=1020k
Native frames: (J=compiled Java code, j=interpreted, Vv=VM code, C=native code)
V  [libjvm.so+0xa76cea]  VMError::report_and_die()+0x2ca
V  [libjvm.so+0x4e52fb]  report_vm_out_of_memory(char const*, int, unsigned long, VMErrorType, char const*)+0x8b
V  [libjvm.so+0x8e4ec3]  os::Linux::commit_memory_impl(char*, unsigned long, bool)+0x103
V  [libjvm.so+0x8e5419]  os::pd_commit_memory(char*, unsigned long, unsigned long, bool)+0x29
V  [libjvm.so+0x8df0ea]  os::commit_memory(char*, unsigned long, unsigned long, bool)+0x2a
V  [libjvm.so+0xa72c19]  VirtualSpace::expand_by(unsigned long, bool)+0x1c9
V  [libjvm.so+0x5d16d5]  OneContigSpaceCardGeneration::grow_by(unsigned long)+0x25
V  [libjvm.so+0x5d1a9f]  CardGeneration::expand(unsigned long, unsigned long)+0x6f
V  [libjvm.so+0x5d1b4e]  OneContigSpaceCardGeneration::expand(unsigned long, unsigned long)+0x3e
V  [libjvm.so+0x5c2cd4]  GenCollectedHeap::do_collection(bool, bool, unsigned long, bool, int)+0x764
V  [libjvm.so+0x4756f4]  GenCollectorPolicy::satisfy_failed_allocation(unsigned long, bool)+0x134
V  [libjvm.so+0xa77ab4]  VM_GenCollectForAllocation::doit()+0x94
V  [libjvm.so+0xa7fa85]  VM_Operation::evaluate()+0x55
V  [libjvm.so+0xa7de5a]  VMThread::evaluate_operation(VM_Operation*)+0xba
V  [libjvm.so+0xa7e1de]  VMThread::loop()+0x1ce
V  [libjvm.so+0xa7e650]  VMThread::run()+0x70
V  [libjvm.so+0x8e75f8]  java_start(Thread*)+0x108

VM_Operation (0x00007fba8975afd0): GenCollectForAllocation, mode: safepoint, requested by thread 0x00007fba6c3c6000


---------------  P R O C E S S  ---------------

Java Threads: ( => current thread )
  0x00007fba6c3c6000 JavaThread "[Procesing Pipeline#1 Thread]::" [_thread_blocked, id=22090, stack(0x00007fba8965e000,0x00007fba8975f000)]
  0x00007fba6c3e6800 JavaThread "[CasConsumer Pipeline Thread]::" [_thread_blocked, id=22089, stack(0x00007fba8975f000,0x00007fba89860000)]
  0x00007fba7000a800 JavaThread "CPMEngine Thread" [_thread_blocked, id=22088, stack(0x00007fba89860000,0x00007fba89961000)]
  0x00007fba9c38a800 JavaThread "BaseCPMImpl-Thread" [_thread_blocked, id=22087, stack(0x00007fba89961000,0x00007fba89a62000)]
  0x00007fba9c0ab000 JavaThread "Service Thread" daemon [_thread_blocked, id=22079, stack(0x00007fba8a3e7000,0x00007fba8a4e8000)]
  0x00007fba9c0a7800 JavaThread "C1 CompilerThread1" daemon [_thread_blocked, id=22078, stack(0x00007fba8a4e8000,0x00007fba8a5e9000)]
  0x00007fba9c0a5800 JavaThread "C2 CompilerThread0" daemon [_thread_blocked, id=22077, stack(0x00007fba8a5e9000,0x00007fba8a6ea000)]
  0x00007fba9c0a3800 JavaThread "Signal Dispatcher" daemon [_thread_blocked, id=22076, stack(0x00007fba8a6ea000,0x00007fba8a7eb000)]
  0x00007fba9c074000 JavaThread "Finalizer" daemon [_thread_blocked, id=22075, stack(0x00007fba8aecd000,0x00007fba8afce000)]
  0x00007fba9c071800 JavaThread "Reference Handler" daemon [_thread_blocked, id=22074, stack(0x00007fba8afce000,0x00007fba8b0cf000)]
  0x00007fba9c00a800 JavaThread "main" [_thread_in_native, id=22071, stack(0x00007fbaa1f70000,0x00007fbaa2071000)]

Other Threads:
=>0x00007fba9c06a800 VMThread [stack: 0x00007fba8b0cf000,0x00007fba8b1d0000] [id=22073]
  0x00007fba9c0b8000 WatcherThread [stack: 0x00007fba8a2e6000,0x00007fba8a3e7000] [id=22080]

VM state:at safepoint (normal execution)

VM Mutex/Monitor currently owned by a thread:  ([mutex/lock_event])
[0x00007fba9c006e50] Threads_lock - owner thread: 0x00007fba9c06a800
[0x00007fba9c007350] Heap_lock - owner thread: 0x00007fba6c3c6000

Heap:
 def new generation   total 30720K, used 0K [0x00000000f0800000, 0x00000000f2950000, 0x00000000f5aa0000)
  eden space 27328K,   0% used [0x00000000f0800000, 0x00000000f0800000, 0x00000000f22b0000)
  from space 3392K,   0% used [0x00000000f22b0000, 0x00000000f22b0000, 0x00000000f2600000)
  to   space 3392K,   0% used [0x00000000f2600000, 0x00000000f2600000, 0x00000000f2950000)
 tenured generation   total 70088K, used 67464K [0x00000000f5aa0000, 0x00000000f9f12000, 0x0000000100000000)
   the space 70088K,  96% used [0x00000000f5aa0000, 0x00000000f9c82218, 0x00000000f9c82400, 0x00000000f9f12000)
 Metaspace       used 12564K, capacity 12666K, committed 12928K, reserved 1060864K
  class space    used 1535K, capacity 1575K, committed 1664K, reserved 1048576K

Card table byte_map: [0x00007fbaa1ef3000,0x00007fbaa1f70000] byte_map_base: 0x00007fbaa176f000

Polling page: 0x00007fbaa2088000

CodeCache: size=245760Kb used=4048Kb max_used=4062Kb free=241711Kb
 bounds [0x00007fba8bf66000, 0x00007fba8c366000, 0x00007fba9af66000]
 total_blobs=1421 nmethods=1090 adapters=246
 compilation: enabled

Compilation events (10 events):
Event: 5.972 Thread 0x00007fba9c0a5800 1085       4       java.io.ObjectInputStream$BlockDataInputStream::readUnsignedShort (76 bytes)
Event: 5.974 Thread 0x00007fba9c0a7800 1089       3       java.io.FilterInputStream::available (8 bytes)
Event: 5.974 Thread 0x00007fba9c0a7800 nmethod 1089 0x00007fba8c34c790 code [0x00007fba8c34c900, 0x00007fba8c34cb00]
Event: 5.974 Thread 0x00007fba9c0a7800 1090       3       java.util.zip.ZipFile$ZipFileInflaterInputStream::available (41 bytes)
Event: 5.974 Thread 0x00007fba9c0a7800 nmethod 1090 0x00007fba8c349b90 code [0x00007fba8c349d20, 0x00007fba8c34a200]
Event: 5.980 Thread 0x00007fba9c0a5800 nmethod 1085 0x00007fba8c348e90 code [0x00007fba8c349040, 0x00007fba8c3494e8]
Event: 5.998 Thread 0x00007fba9c0a5800 1091 %     4       java.util.HashMap::readObject @ 212 (253 bytes)
Event: 6.039 Thread 0x00007fba9c0a5800 nmethod 1091% 0x00007fba8c35ead0 code [0x00007fba8c35ed80, 0x00007fba8c35fce0]
Event: 6.341 Thread 0x00007fba9c0a5800 1092       4       java.util.zip.Inflater::ensureOpen (47 bytes)
Event: 6.342 Thread 0x00007fba9c0a5800 nmethod 1092 0x00007fba8c34c450 code [0x00007fba8c34c5a0, 0x00007fba8c34c638]

GC Heap History (10 events):
Event: 4.775 GC heap after
Heap after GC invocations=14 (full 1):
 def new generation   total 9216K, used 960K [0x00000000f0800000, 0x00000000f11f0000, 0x00000000f5aa0000)
  eden space 8256K,   0% used [0x00000000f0800000, 0x00000000f0800000, 0x00000000f1010000)
  from space 960K, 100% used [0x00000000f1100000, 0x00000000f11f0000, 0x00000000f11f0000)
  to   space 960K,   0% used [0x00000000f1010000, 0x00000000f1010000, 0x00000000f1100000)
 tenured generation   total 20252K, used 17684K [0x00000000f5aa0000, 0x00000000f6e67000, 0x0000000100000000)
   the space 20252K,  87% used [0x00000000f5aa0000, 0x00000000f6be51a8, 0x00000000f6be5200, 0x00000000f6e67000)
 Metaspace       used 12381K, capacity 12514K, committed 12800K, reserved 1060864K
  class space    used 1512K, capacity 1523K, committed 1536K, reserved 1048576K
}
Event: 4.861 GC heap before
{Heap before GC invocations=14 (full 1):
 def new generation   total 9216K, used 9216K [0x00000000f0800000, 0x00000000f11f0000, 0x00000000f5aa0000)
  eden space 8256K, 100% used [0x00000000f0800000, 0x00000000f1010000, 0x00000000f1010000)
  from space 960K, 100% used [0x00000000f1100000, 0x00000000f11f0000, 0x00000000f11f0000)
  to   space 960K,   0% used [0x00000000f1010000, 0x00000000f1010000, 0x00000000f1100000)
 tenured generation   total 20252K, used 17684K [0x00000000f5aa0000, 0x00000000f6e67000, 0x0000000100000000)
   the space 20252K,  87% used [0x00000000f5aa0000, 0x00000000f6be51a8, 0x00000000f6be5200, 0x00000000f6e67000)
 Metaspace       used 12381K, capacity 12514K, committed 12800K, reserved 1060864K
  class space    used 1512K, capacity 1523K, committed 1536K, reserved 1048576K
Event: 5.092 GC heap after
Heap after GC invocations=15 (full 2):
 def new generation   total 17984K, used 923K [0x00000000f0800000, 0x00000000f1b80000, 0x00000000f5aa0000)
  eden space 16000K,   5% used [0x00000000f0800000, 0x00000000f08e6e20, 0x00000000f17a0000)
  from space 1984K,   0% used [0x00000000f17a0000, 0x00000000f17a0000, 0x00000000f1990000)
  to   space 1984K,   0% used [0x00000000f1990000, 0x00000000f1990000, 0x00000000f1b80000)
 tenured generation   total 39808K, used 23884K [0x00000000f5aa0000, 0x00000000f8180000, 0x0000000100000000)
   the space 39808K,  59% used [0x00000000f5aa0000, 0x00000000f71f3300, 0x00000000f71f3400, 0x00000000f8180000)
 Metaspace       used 12381K, capacity 12514K, committed 12800K, reserved 1060864K
  class space    used 1512K, capacity 1523K, committed 1536K, reserved 1048576K
}
Event: 5.329 GC heap before
{Heap before GC invocations=15 (full 2):
 def new generation   total 17984K, used 16000K [0x00000000f0800000, 0x00000000f1b80000, 0x00000000f5aa0000)
  eden space 16000K, 100% used [0x00000000f0800000, 0x00000000f17a0000, 0x00000000f17a0000)
  from space 1984K,   0% used [0x00000000f17a0000, 0x00000000f17a0000, 0x00000000f1990000)
  to   space 1984K,   0% used [0x00000000f1990000, 0x00000000f1990000, 0x00000000f1b80000)
 tenured generation   total 39808K, used 23884K [0x00000000f5aa0000, 0x00000000f8180000, 0x0000000100000000)
   the space 39808K,  59% used [0x00000000f5aa0000, 0x00000000f71f3300, 0x00000000f71f3400, 0x00000000f8180000)
 Metaspace       used 12558K, capacity 12666K, committed 12928K, reserved 1060864K
  class space    used 1535K, capacity 1575K, committed 1664K, reserved 1048576K
Event: 5.442 GC heap after
Heap after GC invocations=16 (full 2):
 def new generation   total 17984K, used 1984K [0x00000000f0800000, 0x00000000f1b80000, 0x00000000f5aa0000)
  eden space 16000K,   0% used [0x00000000f0800000, 0x00000000f0800000, 0x00000000f17a0000)
  from space 1984K, 100% used [0x00000000f1990000, 0x00000000f1b80000, 0x00000000f1b80000)
  to   space 1984K,   0% used [0x00000000f17a0000, 0x00000000f17a0000, 0x00000000f1990000)
 tenured generation   total 39808K, used 32945K [0x00000000f5aa0000, 0x00000000f8180000, 0x0000000100000000)
   the space 39808K,  82% used [0x00000000f5aa0000, 0x00000000f7acc760, 0x00000000f7acc800, 0x00000000f8180000)
 Metaspace       used 12558K, capacity 12666K, committed 12928K, reserved 1060864K
  class space    used 1535K, capacity 1575K, committed 1664K, reserved 1048576K
}
Event: 5.608 GC heap before
{Heap before GC invocations=16 (full 2):
 def new generation   total 17984K, used 17984K [0x00000000f0800000, 0x00000000f1b80000, 0x00000000f5aa0000)
  eden space 16000K, 100% used [0x00000000f0800000, 0x00000000f17a0000, 0x00000000f17a0000)
  from space 1984K, 100% used [0x00000000f1990000, 0x00000000f1b80000, 0x00000000f1b80000)
  to   space 1984K,   0% used [0x00000000f17a0000, 0x00000000f17a0000, 0x00000000f1990000)
 tenured generation   total 39808K, used 32945K [0x00000000f5aa0000, 0x00000000f8180000, 0x0000000100000000)
   the space 39808K,  82% used [0x00000000f5aa0000, 0x00000000f7acc760, 0x00000000f7acc800, 0x00000000f8180000)
 Metaspace       used 12562K, capacity 12666K, committed 12928K, reserved 1060864K
  class space    used 1535K, capacity 1575K, committed 1664K, reserved 1048576K
Event: 5.951 GC heap after
Heap after GC invocations=17 (full 3):
 def new generation   total 30720K, used 1835K [0x00000000f0800000, 0x00000000f2950000, 0x00000000f5aa0000)
  eden space 27328K,   6% used [0x00000000f0800000, 0x00000000f09cad40, 0x00000000f22b0000)
  from space 3392K,   0% used [0x00000000f22b0000, 0x00000000f22b0000, 0x00000000f2600000)
  to   space 3392K,   0% used [0x00000000f2600000, 0x00000000f2600000, 0x00000000f2950000)
 tenured generation   total 68168K, used 40899K [0x00000000f5aa0000, 0x00000000f9d32000, 0x0000000100000000)
   the space 68168K,  59% used [0x00000000f5aa0000, 0x00000000f8290fe8, 0x00000000f8291000, 0x00000000f9d32000)
 Metaspace       used 12562K, capacity 12666K, committed 12928K, reserved 1060864K
  class space    used 1535K, capacity 1575K, committed 1664K, reserved 1048576K
}
Event: 6.078 GC heap before
{Heap before GC invocations=17 (full 3):
 def new generation   total 30720K, used 27328K [0x00000000f0800000, 0x00000000f2950000, 0x00000000f5aa0000)
  eden space 27328K, 100% used [0x00000000f0800000, 0x00000000f22b0000, 0x00000000f22b0000)
  from space 3392K,   0% used [0x00000000f22b0000, 0x00000000f22b0000, 0x00000000f2600000)
  to   space 3392K,   0% used [0x00000000f2600000, 0x00000000f2600000, 0x00000000f2950000)
 tenured generation   total 68168K, used 40899K [0x00000000f5aa0000, 0x00000000f9d32000, 0x0000000100000000)
   the space 68168K,  59% used [0x00000000f5aa0000, 0x00000000f8290fe8, 0x00000000f8291000, 0x00000000f9d32000)
 Metaspace       used 12564K, capacity 12666K, committed 12928K, reserved 1060864K
  class space    used 1535K, capacity 1575K, committed 1664K, reserved 1048576K
Event: 6.313 GC heap after
Heap after GC invocations=18 (full 3):
 def new generation   total 30720K, used 3391K [0x00000000f0800000, 0x00000000f2950000, 0x00000000f5aa0000)
  eden space 27328K,   0% used [0x00000000f0800000, 0x00000000f0800000, 0x00000000f22b0000)
  from space 3392K,  99% used [0x00000000f2600000, 0x00000000f294fff8, 0x00000000f2950000)
  to   space 3392K,   0% used [0x00000000f22b0000, 0x00000000f22b0000, 0x00000000f2600000)
 tenured generation   total 68168K, used 53420K [0x00000000f5aa0000, 0x00000000f9d32000, 0x0000000100000000)
   the space 68168K,  78% used [0x00000000f5aa0000, 0x00000000f8ecb038, 0x00000000f8ecb200, 0x00000000f9d32000)
 Metaspace       used 12564K, capacity 12666K, committed 12928K, reserved 1060864K
  class space    used 1535K, capacity 1575K, committed 1664K, reserved 1048576K
}
Event: 6.398 GC heap before
{Heap before GC invocations=18 (full 3):
 def new generation   total 30720K, used 30719K [0x00000000f0800000, 0x00000000f2950000, 0x00000000f5aa0000)
  eden space 27328K, 100% used [0x00000000f0800000, 0x00000000f22b0000, 0x00000000f22b0000)
  from space 3392K,  99% used [0x00000000f2600000, 0x00000000f294fff8, 0x00000000f2950000)
  to   space 3392K,   0% used [0x00000000f22b0000, 0x00000000f22b0000, 0x00000000f2600000)
 tenured generation   total 68168K, used 53420K [0x00000000f5aa0000, 0x00000000f9d32000, 0x0000000100000000)
   the space 68168K,  78% used [0x00000000f5aa0000, 0x00000000f8ecb038, 0x00000000f8ecb200, 0x00000000f9d32000)
 Metaspace       used 12564K, capacity 12666K, committed 12928K, reserved 1060864K
  class space    used 1535K, capacity 1575K, committed 1664K, reserved 1048576K

Deoptimization events (2 events):
Event: 2.900 Thread 0x00007fba9c00a800 Uncommon trap: reason=unreached action=reinterpret pc=0x00007fba8c21eb70 method=java.lang.reflect.Method.equals(Ljava/lang/Object;)Z @ 49
Event: 2.900 Thread 0x00007fba9c00a800 Uncommon trap: reason=unreached action=reinterpret pc=0x00007fba8c1d8040 method=java.lang.reflect.Method.equals(Ljava/lang/Object;)Z @ 49

Internal exceptions (10 events):
Event: 5.156 Thread 0x00007fba6c3c6000 Exception <a 'java/security/PrivilegedActionException'> (0x00000000f0ca57e0) thrown at [/HUDSON/workspace/8-2-build-linux-amd64/jdk8u20/1074/hotspot/src/share/vm/prims/jvm.cpp, line 1275]
Event: 5.157 Thread 0x00007fba6c3c6000 Exception <a 'java/security/PrivilegedActionException'> (0x00000000f0cb1f00) thrown at [/HUDSON/workspace/8-2-build-linux-amd64/jdk8u20/1074/hotspot/src/share/vm/prims/jvm.cpp, line 1275]
Event: 5.158 Thread 0x00007fba6c3c6000 Exception <a 'java/security/PrivilegedActionException'> (0x00000000f0cbe8b0) thrown at [/HUDSON/workspace/8-2-build-linux-amd64/jdk8u20/1074/hotspot/src/share/vm/prims/jvm.cpp, line 1275]
Event: 5.159 Thread 0x00007fba6c3c6000 Exception <a 'java/security/PrivilegedActionException'> (0x00000000f0ccb228) thrown at [/HUDSON/workspace/8-2-build-linux-amd64/jdk8u20/1074/hotspot/src/share/vm/prims/jvm.cpp, line 1275]
Event: 5.165 Thread 0x00007fba6c3c6000 Exception <a 'java/security/PrivilegedActionException'> (0x00000000f0cd7bb8) thrown at [/HUDSON/workspace/8-2-build-linux-amd64/jdk8u20/1074/hotspot/src/share/vm/prims/jvm.cpp, line 1275]
Event: 5.166 Thread 0x00007fba6c3c6000 Exception <a 'java/security/PrivilegedActionException'> (0x00000000f0ce4d20) thrown at [/HUDSON/workspace/8-2-build-linux-amd64/jdk8u20/1074/hotspot/src/share/vm/prims/jvm.cpp, line 1275]
Event: 5.166 Thread 0x00007fba6c3c6000 Exception <a 'java/security/PrivilegedActionException'> (0x00000000f0cf1d20) thrown at [/HUDSON/workspace/8-2-build-linux-amd64/jdk8u20/1074/hotspot/src/share/vm/prims/jvm.cpp, line 1275]
Event: 5.170 Thread 0x00007fba6c3c6000 Exception <a 'java/security/PrivilegedActionException'> (0x00000000f0cfef40) thrown at [/HUDSON/workspace/8-2-build-linux-amd64/jdk8u20/1074/hotspot/src/share/vm/prims/jvm.cpp, line 1275]
Event: 5.172 Thread 0x00007fba6c3c6000 Exception <a 'java/security/PrivilegedActionException'> (0x00000000f0d0d0a8) thrown at [/HUDSON/workspace/8-2-build-linux-amd64/jdk8u20/1074/hotspot/src/share/vm/prims/jvm.cpp, line 1275]
Event: 5.188 Thread 0x00007fba6c3c6000 Exception <a 'java/security/PrivilegedActionException'> (0x00000000f0d1b620) thrown at [/HUDSON/workspace/8-2-build-linux-amd64/jdk8u20/1074/hotspot/src/share/vm/prims/jvm.cpp, line 1275]

Events (10 events):
Event: 5.242 Thread 0x00007fba6c3c6000 DEOPT UNPACKING pc=0x00007fba8bfad373 sp=0x00007fba8975ac70 mode 0
Event: 5.329 Executing VM operation: GenCollectForAllocation
Event: 5.451 Executing VM operation: GenCollectForAllocation done
Event: 5.608 Executing VM operation: GenCollectForAllocation
Event: 5.963 Executing VM operation: GenCollectForAllocation done
Event: 6.046 Thread 0x00007fba6c3c6000 DEOPT PACKING pc=0x00007fba8c3515ca sp=0x00007fba8975b1c0
Event: 6.046 Thread 0x00007fba6c3c6000 DEOPT UNPACKING pc=0x00007fba8bfad373 sp=0x00007fba8975afa8 mode 0
Event: 6.078 Executing VM operation: GenCollectForAllocation
Event: 6.314 Executing VM operation: GenCollectForAllocation done
Event: 6.398 Executing VM operation: GenCollectForAllocation


Dynamic libraries:
00400000-00401000 r-xp 00000000 08:01 708234                             /home/mac/Downloads/jdk1.6.0_45/bin/java
00600000-00601000 rw-p 00000000 08:01 708234                             /home/mac/Downloads/jdk1.6.0_45/bin/java
00738000-00759000 rw-p 00000000 00:00 0                                  [heap]
f0800000-f2950000 rw-p 00000000 00:00 0 
f2950000-f5aa0000 ---p 00000000 00:00 0 
f5aa0000-f9f12000 rw-p 00000000 00:00 0 
fc86f000-100000000 ---p 00000000 00:00 0 
100000000-1001a0000 rw-p 00000000 00:00 0 
1001a0000-140000000 ---p 00000000 00:00 0 
7fba6c000000-7fba6c46b000 rw-p 00000000 00:00 0 
7fba6c46b000-7fba70000000 ---p 00000000 00:00 0 
7fba70000000-7fba7004a000 rw-p 00000000 00:00 0 
7fba7004a000-7fba74000000 ---p 00000000 00:00 0 
7fba74000000-7fba74087000 rw-p 00000000 00:00 0 
7fba74087000-7fba78000000 ---p 00000000 00:00 0 
7fba78000000-7fba78410000 rw-p 00000000 00:00 0 
7fba78410000-7fba7c000000 ---p 00000000 00:00 0 
7fba7c000000-7fba7c021000 rw-p 00000000 00:00 0 
7fba7c021000-7fba80000000 ---p 00000000 00:00 0 
7fba80000000-7fba80033000 rw-p 00000000 00:00 0 
7fba80033000-7fba84000000 ---p 00000000 00:00 0 
7fba84000000-7fba8430f000 rw-p 00000000 00:00 0 
7fba8430f000-7fba88000000 ---p 00000000 00:00 0 
7fba8935d000-7fba8945d000 rw-p 00000000 00:00 0 
7fba8945d000-7fba89560000 ---p 00000000 00:00 0 
7fba89560000-7fba8965e000 rw-p 00000000 00:00 0 
7fba8965e000-7fba89661000 ---p 00000000 00:00 0 
7fba89661000-7fba8975f000 rw-p 00000000 00:00 0                          [stack:22090]
7fba8975f000-7fba89762000 ---p 00000000 00:00 0 
7fba89762000-7fba89860000 rw-p 00000000 00:00 0                          [stack:22089]
7fba89860000-7fba89863000 ---p 00000000 00:00 0 
7fba89863000-7fba89961000 rw-p 00000000 00:00 0                          [stack:22088]
7fba89961000-7fba89964000 ---p 00000000 00:00 0 
7fba89964000-7fba89a62000 rw-p 00000000 00:00 0                          [stack:22087]
7fba89a62000-7fba89a73000 r-xp 00000000 08:01 717038                     /home/mac/Downloads/jdk1.6.0_45/jre/lib/amd64/libnio.so
7fba89a73000-7fba89c72000 ---p 00011000 08:01 717038                     /home/mac/Downloads/jdk1.6.0_45/jre/lib/amd64/libnio.so
7fba89c72000-7fba89c73000 rw-p 00010000 08:01 717038                     /home/mac/Downloads/jdk1.6.0_45/jre/lib/amd64/libnio.so
7fba89c73000-7fba89c89000 r-xp 00000000 08:01 717035                     /home/mac/Downloads/jdk1.6.0_45/jre/lib/amd64/libnet.so
7fba89c89000-7fba89e89000 ---p 00016000 08:01 717035                     /home/mac/Downloads/jdk1.6.0_45/jre/lib/amd64/libnet.so
7fba89e89000-7fba89e8a000 rw-p 00016000 08:01 717035                     /home/mac/Downloads/jdk1.6.0_45/jre/lib/amd64/libnet.so
7fba89e8a000-7fba8a08a000 rw-p 00000000 00:00 0 
7fba8a08a000-7fba8a092000 r-xp 00000000 08:01 717043                     /home/mac/Downloads/jdk1.6.0_45/jre/lib/amd64/libmanagement.so
7fba8a092000-7fba8a292000 ---p 00008000 08:01 717043                     /home/mac/Downloads/jdk1.6.0_45/jre/lib/amd64/libmanagement.so
7fba8a292000-7fba8a293000 rw-p 00008000 08:01 717043                     /home/mac/Downloads/jdk1.6.0_45/jre/lib/amd64/libmanagement.so
7fba8a293000-7fba8a2af000 r--s 00393000 08:01 716926                     /home/mac/Downloads/jdk1.6.0_45/jre/lib/ext/cldrdata.jar
7fba8a2af000-7fba8a2b9000 r--s 00116000 08:01 716932                     /home/mac/Downloads/jdk1.6.0_45/jre/lib/ext/localedata.jar
7fba8a2b9000-7fba8a2c8000 r--s 0007c000 08:01 542491                     /home/mac/.m2/repository/joda-time/joda-time/2.0/joda-time-2.0.jar
7fba8a2c8000-7fba8a2e6000 r--s 0027d000 08:01 542488                     /home/mac/.m2/repository/xalan/xalan/2.7.0/xalan-2.7.0.jar
7fba8a2e6000-7fba8a2e7000 ---p 00000000 00:00 0 
7fba8a2e7000-7fba8a3e7000 rw-p 00000000 00:00 0                          [stack:22080]
7fba8a3e7000-7fba8a3ea000 ---p 00000000 00:00 0 
7fba8a3ea000-7fba8a4e8000 rw-p 00000000 00:00 0                          [stack:22079]
7fba8a4e8000-7fba8a4eb000 ---p 00000000 00:00 0 
7fba8a4eb000-7fba8a5e9000 rw-p 00000000 00:00 0                          [stack:22078]
7fba8a5e9000-7fba8a5ec000 ---p 00000000 00:00 0 
7fba8a5ec000-7fba8a6ea000 rw-p 00000000 00:00 0                          [stack:22077]
7fba8a6ea000-7fba8a6ed000 ---p 00000000 00:00 0 
7fba8a6ed000-7fba8a7eb000 rw-p 00000000 00:00 0                          [stack:22076]
7fba8a7eb000-7fba8aecd000 r--p 00000000 08:01 8222                       /usr/lib/locale/locale-archive
7fba8aecd000-7fba8aed0000 ---p 00000000 00:00 0 
7fba8aed0000-7fba8afce000 rw-p 00000000 00:00 0                          [stack:22075]
7fba8afce000-7fba8afd1000 ---p 00000000 00:00 0 
7fba8afd1000-7fba8b0cf000 rw-p 00000000 00:00 0                          [stack:22074]
7fba8b0cf000-7fba8b0d0000 ---p 00000000 00:00 0 
7fba8b0d0000-7fba8b1d0000 rw-p 00000000 00:00 0                          [stack:22073]
7fba8b1d0000-7fba8b3a6000 r--s 03ca8000 08:01 716879                     /home/mac/Downloads/jdk1.6.0_45/jre/lib/rt.jar
7fba8b3a6000-7fba8bba6000 rw-p 00000000 00:00 0 
7fba8bba6000-7fba8bbb6000 rw-p 00000000 00:00 0 
7fba8bbb6000-7fba8bf66000 ---p 00000000 00:00 0 
7fba8bf66000-7fba8c366000 rwxp 00000000 00:00 0 
7fba8c366000-7fba9af66000 ---p 00000000 00:00 0 
7fba9af66000-7fba9af80000 r-xp 00000000 08:01 717031                     /home/mac/Downloads/jdk1.6.0_45/jre/lib/amd64/libzip.so
7fba9af80000-7fba9b180000 ---p 0001a000 08:01 717031                     /home/mac/Downloads/jdk1.6.0_45/jre/lib/amd64/libzip.so
7fba9b180000-7fba9b181000 rw-p 0001a000 08:01 717031                     /home/mac/Downloads/jdk1.6.0_45/jre/lib/amd64/libzip.so
7fba9b181000-7fba9b18c000 r-xp 00000000 08:01 917606                     /lib/x86_64-linux-gnu/libnss_files-2.19.so
7fba9b18c000-7fba9b38b000 ---p 0000b000 08:01 917606                     /lib/x86_64-linux-gnu/libnss_files-2.19.so
7fba9b38b000-7fba9b38c000 r--p 0000a000 08:01 917606                     /lib/x86_64-linux-gnu/libnss_files-2.19.so
7fba9b38c000-7fba9b38d000 rw-p 0000b000 08:01 917606                     /lib/x86_64-linux-gnu/libnss_files-2.19.so
7fba9b38d000-7fba9b398000 r-xp 00000000 08:01 917521                     /lib/x86_64-linux-gnu/libnss_nis-2.19.so
7fba9b398000-7fba9b597000 ---p 0000b000 08:01 917521                     /lib/x86_64-linux-gnu/libnss_nis-2.19.so
7fba9b597000-7fba9b598000 r--p 0000a000 08:01 917521                     /lib/x86_64-linux-gnu/libnss_nis-2.19.so
7fba9b598000-7fba9b599000 rw-p 0000b000 08:01 917521                     /lib/x86_64-linux-gnu/libnss_nis-2.19.so
7fba9b599000-7fba9b5b0000 r-xp 00000000 08:01 917608                     /lib/x86_64-linux-gnu/libnsl-2.19.so
7fba9b5b0000-7fba9b7af000 ---p 00017000 08:01 917608                     /lib/x86_64-linux-gnu/libnsl-2.19.so
7fba9b7af000-7fba9b7b0000 r--p 00016000 08:01 917608                     /lib/x86_64-linux-gnu/libnsl-2.19.so
7fba9b7b0000-7fba9b7b1000 rw-p 00017000 08:01 917608                     /lib/x86_64-linux-gnu/libnsl-2.19.so
7fba9b7b1000-7fba9b7b3000 rw-p 00000000 00:00 0 
7fba9b7b3000-7fba9b7bc000 r-xp 00000000 08:01 917601                     /lib/x86_64-linux-gnu/libnss_compat-2.19.so
7fba9b7bc000-7fba9b9bb000 ---p 00009000 08:01 917601                     /lib/x86_64-linux-gnu/libnss_compat-2.19.so
7fba9b9bb000-7fba9b9bc000 r--p 00008000 08:01 917601                     /lib/x86_64-linux-gnu/libnss_compat-2.19.so
7fba9b9bc000-7fba9b9bd000 rw-p 00009000 08:01 917601                     /lib/x86_64-linux-gnu/libnss_compat-2.19.so
7fba9b9bd000-7fba9b9e7000 r-xp 00000000 08:01 717026                     /home/mac/Downloads/jdk1.6.0_45/jre/lib/amd64/libjava.so
7fba9b9e7000-7fba9bbe7000 ---p 0002a000 08:01 717026                     /home/mac/Downloads/jdk1.6.0_45/jre/lib/amd64/libjava.so
7fba9bbe7000-7fba9bbe9000 rw-p 0002a000 08:01 717026                     /home/mac/Downloads/jdk1.6.0_45/jre/lib/amd64/libjava.so
7fba9bbe9000-7fba9bbf6000 r-xp 00000000 08:01 717030                     /home/mac/Downloads/jdk1.6.0_45/jre/lib/amd64/libverify.so
7fba9bbf6000-7fba9bdf6000 ---p 0000d000 08:01 717030                     /home/mac/Downloads/jdk1.6.0_45/jre/lib/amd64/libverify.so
7fba9bdf6000-7fba9bdf8000 rw-p 0000d000 08:01 717030                     /home/mac/Downloads/jdk1.6.0_45/jre/lib/amd64/libverify.so
7fba9bdf8000-7fba9bdff000 r-xp 00000000 08:01 917604                     /lib/x86_64-linux-gnu/librt-2.19.so
7fba9bdff000-7fba9bffe000 ---p 00007000 08:01 917604                     /lib/x86_64-linux-gnu/librt-2.19.so
7fba9bffe000-7fba9bfff000 r--p 00006000 08:01 917604                     /lib/x86_64-linux-gnu/librt-2.19.so
7fba9bfff000-7fba9c000000 rw-p 00007000 08:01 917604                     /lib/x86_64-linux-gnu/librt-2.19.so
7fba9c000000-7fba9c41d000 rw-p 00000000 00:00 0 
7fba9c41d000-7fbaa0000000 ---p 00000000 00:00 0 
7fbaa0002000-7fbaa0007000 r--s 00092000 08:01 716923                     /home/mac/Downloads/jdk1.6.0_45/jre/lib/jsse.jar
7fbaa0007000-7fbaa0009000 r--s 0157b000 08:01 542494                     /home/mac/.m2/repository/edu/washington/cs/knowitall/stanford-corenlp/stanford-postag-models/1.3.2/stanford-postag-models-1.3.2.jar
7fbaa0009000-7fbaa0020000 r--s 00110000 08:01 542485                     /home/mac/.m2/repository/xerces/xercesImpl/2.8.0/xercesImpl-2.8.0.jar
7fbaa0020000-7fbaa0028000 r--s 00028000 08:01 542482                     /home/mac/.m2/repository/xml-apis/xml-apis/1.3.03/xml-apis-1.3.03.jar
7fbaa0028000-7fbaa002f000 r--s 00045000 08:01 542479                     /home/mac/.m2/repository/xom/xom/1.2.5/xom-1.2.5.jar
7fbaa002f000-7fbaa0067000 r--s 003d5000 08:01 542476                     /home/mac/.m2/repository/edu/stanford/nlp/stanford-corenlp/1.3.3/stanford-corenlp-1.3.3.jar
7fbaa0067000-7fbaa006a000 r--s 00022000 08:01 542473                     /home/mac/.m2/repository/org/apache/uima/jVinci/2.4.0/jVinci-2.4.0.jar
7fbaa006a000-7fbaa006c000 r--s 00007000 08:01 542470                     /home/mac/.m2/repository/org/apache/geronimo/specs/geronimo-activation_1.0.2_spec/1.2/geronimo-activation_1.0.2_spec-1.2.jar
7fbaa006c000-7fbaa006e000 r--s 00006000 08:01 542467                     /home/mac/.m2/repository/axis/axis-jaxrpc/1.3/axis-jaxrpc-1.3.jar
7fbaa006e000-7fbaa0071000 r--s 0000f000 08:01 542464                     /home/mac/.m2/repository/commons-discovery/commons-discovery/0.2/commons-discovery-0.2.jar
7fbaa0071000-7fbaa0085000 r--s 0017b000 08:01 542452                     /home/mac/.m2/repository/axis/axis/1.3/axis-1.3.jar
7fbaa0085000-7fbaa009c000 r--s 00123000 08:01 542428                     /home/mac/.m2/repository/org/apache/uima/uimaj-core/2.4.0/uimaj-core-2.4.0.jar
7fbaa009c000-7fbaa01e4000 rw-p 00000000 00:00 0 
7fbaa01e4000-7fbaa02e9000 r-xp 00000000 08:01 917605                     /lib/x86_64-linux-gnu/libm-2.19.so
7fbaa02e9000-7fbaa04e8000 ---p 00105000 08:01 917605                     /lib/x86_64-linux-gnu/libm-2.19.so
7fbaa04e8000-7fbaa04e9000 r--p 00104000 08:01 917605                     /lib/x86_64-linux-gnu/libm-2.19.so
7fbaa04e9000-7fbaa04ea000 rw-p 00105000 08:01 917605                     /lib/x86_64-linux-gnu/libm-2.19.so
7fbaa04ea000-7fbaa1154000 r-xp 00000000 08:01 717012                     /home/mac/Downloads/jdk1.6.0_45/jre/lib/amd64/server/libjvm.so
7fbaa1154000-7fbaa1353000 ---p 00c6a000 08:01 717012                     /home/mac/Downloads/jdk1.6.0_45/jre/lib/amd64/server/libjvm.so
7fbaa1353000-7fbaa142a000 rw-p 00c69000 08:01 717012                     /home/mac/Downloads/jdk1.6.0_45/jre/lib/amd64/server/libjvm.so
7fbaa142a000-7fbaa146c000 rw-p 00000000 00:00 0 
7fbaa146c000-7fbaa1628000 r-xp 00000000 08:01 917609                     /lib/x86_64-linux-gnu/libc-2.19.so
7fbaa1628000-7fbaa1827000 ---p 001bc000 08:01 917609                     /lib/x86_64-linux-gnu/libc-2.19.so
7fbaa1827000-7fbaa182b000 r--p 001bb000 08:01 917609                     /lib/x86_64-linux-gnu/libc-2.19.so
7fbaa182b000-7fbaa182d000 rw-p 001bf000 08:01 917609                     /lib/x86_64-linux-gnu/libc-2.19.so
7fbaa182d000-7fbaa1832000 rw-p 00000000 00:00 0 
7fbaa1832000-7fbaa1835000 r-xp 00000000 08:01 917598                     /lib/x86_64-linux-gnu/libdl-2.19.so
7fbaa1835000-7fbaa1a34000 ---p 00003000 08:01 917598                     /lib/x86_64-linux-gnu/libdl-2.19.so
7fbaa1a34000-7fbaa1a35000 r--p 00002000 08:01 917598                     /lib/x86_64-linux-gnu/libdl-2.19.so
7fbaa1a35000-7fbaa1a36000 rw-p 00003000 08:01 917598                     /lib/x86_64-linux-gnu/libdl-2.19.so
7fbaa1a36000-7fbaa1a4b000 r-xp 00000000 08:01 716724                     /home/mac/Downloads/jdk1.6.0_45/lib/amd64/jli/libjli.so
7fbaa1a4b000-7fbaa1c4a000 ---p 00015000 08:01 716724                     /home/mac/Downloads/jdk1.6.0_45/lib/amd64/jli/libjli.so
7fbaa1c4a000-7fbaa1c4b000 rw-p 00014000 08:01 716724                     /home/mac/Downloads/jdk1.6.0_45/lib/amd64/jli/libjli.so
7fbaa1c4b000-7fbaa1c64000 r-xp 00000000 08:01 918508                     /lib/x86_64-linux-gnu/libpthread-2.19.so
7fbaa1c64000-7fbaa1e63000 ---p 00019000 08:01 918508                     /lib/x86_64-linux-gnu/libpthread-2.19.so
7fbaa1e63000-7fbaa1e64000 r--p 00018000 08:01 918508                     /lib/x86_64-linux-gnu/libpthread-2.19.so
7fbaa1e64000-7fbaa1e65000 rw-p 00019000 08:01 918508                     /lib/x86_64-linux-gnu/libpthread-2.19.so
7fbaa1e65000-7fbaa1e69000 rw-p 00000000 00:00 0 
7fbaa1e69000-7fbaa1e8c000 r-xp 00000000 08:01 917597                     /lib/x86_64-linux-gnu/ld-2.19.so
7fbaa1e8c000-7fbaa1e8d000 rw-p 00000000 00:00 0 
7fbaa1e8d000-7fbaa1e8f000 r--s 00008000 08:01 542461                     /home/mac/.m2/repository/commons-logging/commons-logging/1.0.4/commons-logging-1.0.4.jar
7fbaa1e8f000-7fbaa1e92000 r--s 0001c000 08:01 542458                     /home/mac/.m2/repository/wsdl4j/wsdl4j/1.5.1/wsdl4j-1.5.1.jar
7fbaa1e92000-7fbaa1e93000 r--s 00004000 08:01 542455                     /home/mac/.m2/repository/axis/axis-saaj/1.3/axis-saaj-1.3.jar
7fbaa1e93000-7fbaa1e95000 r--s 00008000 08:01 542449                     /home/mac/.m2/repository/org/apache/uima/uimaj-adapter-soap/2.4.0/uimaj-adapter-soap-2.4.0.jar
7fbaa1e95000-7fbaa1e96000 r--s 0000b000 08:01 542446                     /home/mac/.m2/repository/org/apache/uima/uimaj-adapter-vinci/2.4.0/uimaj-adapter-vinci-2.4.0.jar
7fbaa1e96000-7fbaa1e9b000 r--s 0004f000 08:01 542443                     /home/mac/.m2/repository/org/apache/uima/uimaj-cpe/2.4.0/uimaj-cpe-2.4.0.jar
7fbaa1e9b000-7fbaa1e9c000 r--s 00002000 08:01 542440                     /home/mac/.m2/repository/org/apache/uima/uimaj-document-annotation/2.4.0/uimaj-document-annotation-2.4.0.jar
7fbaa1e9c000-7fbaa1ea0000 r--s 00024000 08:01 542437                     /home/mac/.m2/repository/org/apache/uima/uimaj-examples/2.4.0/uimaj-examples-2.4.0.jar
7fbaa1ea0000-7fbaa1ec3000 rw-p 00000000 00:00 0 
7fbaa1ec3000-7fbaa1ef3000 ---p 00000000 00:00 0 
7fbaa1ef3000-7fbaa1f04000 rw-p 00000000 00:00 0 
7fbaa1f04000-7fbaa1f1c000 ---p 00000000 00:00 0 
7fbaa1f1c000-7fbaa1f3f000 rw-p 00000000 00:00 0 
7fbaa1f3f000-7fbaa1f6f000 ---p 00000000 00:00 0 
7fbaa1f6f000-7fbaa1f70000 rw-p 00000000 00:00 0 
7fbaa1f70000-7fbaa1f73000 ---p 00000000 00:00 0 
7fbaa1f73000-7fbaa2075000 rw-p 00000000 00:00 0                          [stack:22071]
7fbaa2075000-7fbaa207e000 r--s 00078000 08:01 542434                     /home/mac/.m2/repository/org/apache/uima/uimaj-tools/2.4.0/uimaj-tools-2.4.0.jar
7fbaa207e000-7fbaa207f000 r--s 00002000 08:01 542431                     /home/mac/.m2/repository/org/apache/uima/uimaj-bootstrap/2.4.0/uimaj-bootstrap-2.4.0.jar
7fbaa207f000-7fbaa2087000 rw-s 00000000 08:01 803168                     /tmp/hsperfdata_mac/22066
7fbaa2087000-7fbaa2088000 rw-p 00000000 00:00 0 
7fbaa2088000-7fbaa2089000 ---p 00000000 00:00 0 
7fbaa2089000-7fbaa208b000 rw-p 00000000 00:00 0 
7fbaa208b000-7fbaa208c000 r--p 00022000 08:01 917597                     /lib/x86_64-linux-gnu/ld-2.19.so
7fbaa208c000-7fbaa208d000 rw-p 00023000 08:01 917597                     /lib/x86_64-linux-gnu/ld-2.19.so
7fbaa208d000-7fbaa208e000 rw-p 00000000 00:00 0 
7fffd3de2000-7fffd3e04000 rw-p 00000000 00:00 0                          [stack]
7fffd3ffc000-7fffd3ffe000 r-xp 00000000 00:00 0                          [vdso]
ffffffffff600000-ffffffffff601000 r-xp 00000000 00:00 0                  [vsyscall]

VM Arguments:
jvm_args: -Dfile.encoding=UTF-8 
java_command: SimpleRunCPE src/main/resources/CPE.xml
java_class_path (initial): /home/mac/workspace/11791/hw1-kangh/target/classes:/home/mac/.m2/repository/org/apache/uima/uimaj-core/2.4.0/uimaj-core-2.4.0.jar:/home/mac/.m2/repository/org/apache/uima/uimaj-bootstrap/2.4.0/uimaj-bootstrap-2.4.0.jar:/home/mac/.m2/repository/org/apache/uima/uimaj-tools/2.4.0/uimaj-tools-2.4.0.jar:/home/mac/.m2/repository/org/apache/uima/uimaj-examples/2.4.0/uimaj-examples-2.4.0.jar:/home/mac/.m2/repository/org/apache/uima/uimaj-document-annotation/2.4.0/uimaj-document-annotation-2.4.0.jar:/home/mac/.m2/repository/org/apache/uima/uimaj-cpe/2.4.0/uimaj-cpe-2.4.0.jar:/home/mac/.m2/repository/org/apache/uima/uimaj-adapter-vinci/2.4.0/uimaj-adapter-vinci-2.4.0.jar:/home/mac/.m2/repository/org/apache/uima/uimaj-adapter-soap/2.4.0/uimaj-adapter-soap-2.4.0.jar:/home/mac/.m2/repository/axis/axis/1.3/axis-1.3.jar:/home/mac/.m2/repository/axis/axis-saaj/1.3/axis-saaj-1.3.jar:/home/mac/.m2/repository/wsdl4j/wsdl4j/1.5.1/wsdl4j-1.5.1.jar:/home/mac/.m2/repository/commons-logging/commons-logging/1.0.4/commons-logging-1.0.4.jar:/home/mac/.m2/repository/commons-discovery/commons-discovery/0.2/commons-discovery-0.2.jar:/home/mac/.m2/repository/axis/axis-jaxrpc/1.3/axis-jaxrpc-1.3.jar:/home/mac/.m2/repository/org/apache/geronimo/specs/geronimo-activation_1.0.2_spec/1.2/geronimo-activation_1.0.2_spec-1.2.jar:/home/mac/.m2/repository/org/apache/uima/jVinci/2.4.0/jVinci-2.4.0.jar:/home/mac/.m2/repository/edu/stanford/nlp/stanford-corenlp/1.3.3/stanford-corenlp-1.3.3.jar:/home/mac/.m2/repository/xom/xom/1.2.5/xom-1.2.5.jar:/home/mac/.m2/repository/xml-apis/xml-apis/1.3.03/xml-apis-1.3.03.jar:/home/mac/.m2/repository/xerces/xercesImpl/2.8.0/xercesImpl-2.8.0.jar:/home/mac/.m2/repository/xalan/xalan/2.7.0/xalan-2.7.0.jar:/home/mac/.m2/repository/joda-time/joda-time/2.0/joda-time-2.0.jar:/home/mac/.m2/repository/edu/washington/cs/knowitall/stanford-corenlp/stanford-postag-models/1.3.2/stanford-postag-models-1.3.2.jar
Launcher Type: SUN_STANDARD

Environment Variables:
JAVA_HOME=/usr/local/java/jdk1.6.0_45
PATH=/home/mac/bin:/usr/local/java/jdk1.6.0_45/bin:/home/mac/Maven/apache-maven-3.1.1/bin:/usr/local/sbin:/usr/local/bin:/usr/sbin:/usr/bin:/sbin:/bin:/usr/games:/usr/local/games:/home/mac/bin:/usr/local/java/jdk1.8.0_20/bin
SHELL=/bin/bash
DISPLAY=:0.0

Signal Handlers:
SIGSEGV: [libjvm.so+0xa77530], sa_mask[0]=11111111011111111101111111111110, sa_flags=SA_RESTART|SA_SIGINFO
SIGBUS: [libjvm.so+0xa77530], sa_mask[0]=11111111011111111101111111111110, sa_flags=SA_RESTART|SA_SIGINFO
SIGFPE: [libjvm.so+0x8e1d90], sa_mask[0]=11111111011111111101111111111110, sa_flags=SA_RESTART|SA_SIGINFO
SIGPIPE: [libjvm.so+0x8e1d90], sa_mask[0]=11111111011111111101111111111110, sa_flags=SA_RESTART|SA_SIGINFO
SIGXFSZ: [libjvm.so+0x8e1d90], sa_mask[0]=11111111011111111101111111111110, sa_flags=SA_RESTART|SA_SIGINFO
SIGILL: [libjvm.so+0x8e1d90], sa_mask[0]=11111111011111111101111111111110, sa_flags=SA_RESTART|SA_SIGINFO
SIGUSR1: SIG_DFL, sa_mask[0]=00000000000000000000000000000000, sa_flags=none
SIGUSR2: [libjvm.so+0x8e35c0], sa_mask[0]=00100000000000000000000000000000, sa_flags=SA_RESTART|SA_SIGINFO
SIGHUP: [libjvm.so+0x8e4980], sa_mask[0]=11111111011111111101111111111110, sa_flags=SA_RESTART|SA_SIGINFO
SIGINT: [libjvm.so+0x8e4980], sa_mask[0]=11111111011111111101111111111110, sa_flags=SA_RESTART|SA_SIGINFO
SIGTERM: [libjvm.so+0x8e4980], sa_mask[0]=11111111011111111101111111111110, sa_flags=SA_RESTART|SA_SIGINFO
SIGQUIT: [libjvm.so+0x8e4980], sa_mask[0]=11111111011111111101111111111110, sa_flags=SA_RESTART|SA_SIGINFO


---------------  S Y S T E M  ---------------

OS:DISTRIB_ID=Ubuntu
DISTRIB_RELEASE=14.04
DISTRIB_CODENAME=trusty
DISTRIB_DESCRIPTION="Ubuntu 14.04.1 LTS"

uname:Linux 3.13.0-34-generic #60-Ubuntu SMP Wed Aug 13 15:45:27 UTC 2014 x86_64
libc:glibc 2.19 NPTL 2.19 
rlimit: STACK 8192k, CORE 0k, NPROC 7725, NOFILE 4096, AS infinity
load average:1.17 0.41 0.28

/proc/meminfo:
MemTotal:        1010460 kB
MemFree:          234540 kB
Buffers:             192 kB
Cached:             3740 kB
SwapCached:        21008 kB
Active:           257432 kB
Inactive:         363652 kB
Active(anon):     257356 kB
Inactive(anon):   360604 kB
Active(file):         76 kB
Inactive(file):     3048 kB
Unevictable:          32 kB
Mlocked:              32 kB
SwapTotal:       1046524 kB
SwapFree:            780 kB
Dirty:                52 kB
Writeback:             0 kB
AnonPages:        596208 kB
Mapped:             2072 kB
Shmem:               764 kB
Slab:              50772 kB
SReclaimable:      17596 kB
SUnreclaim:        33176 kB
KernelStack:        5264 kB
PageTables:        31588 kB
NFS_Unstable:          0 kB
Bounce:                0 kB
WritebackTmp:          0 kB
CommitLimit:     1551752 kB
Committed_AS:    4196676 kB
VmallocTotal:   34359738367 kB
VmallocUsed:      163540 kB
VmallocChunk:   34359542772 kB
HardwareCorrupted:     0 kB
AnonHugePages:    180224 kB
HugePages_Total:       0
HugePages_Free:        0
HugePages_Rsvd:        0
HugePages_Surp:        0
Hugepagesize:       2048 kB
DirectMap4k:       44928 kB
DirectMap2M:     1003520 kB


CPU:total 1 (1 cores per cpu, 1 threads per core) family 6 model 58 stepping 9, cmov, cx8, fxsr, mmx, sse, sse2, sse3, ssse3, sse4.1, sse4.2, popcnt, avx, aes, clmul, erms, tsc, tscinvbit, tscinv

/proc/cpuinfo:
processor	: 0
vendor_id	: GenuineIntel
cpu family	: 6
model		: 58
model name	: Intel(R) Core(TM) i7-3720QM CPU @ 2.60GHz
stepping	: 9
microcode	: 0x15
cpu MHz		: 2594.040
cache size	: 6144 KB
physical id	: 0
siblings	: 1
core id		: 0
cpu cores	: 1
apicid		: 0
initial apicid	: 0
fpu		: yes
fpu_exception	: yes
cpuid level	: 13
wp		: yes
flags		: fpu vme de pse tsc msr pae mce cx8 apic sep mtrr pge mca cmov pat pse36 clflush dts mmx fxsr sse sse2 ss syscall nx rdtscp lm constant_tsc arch_perfmon pebs bts nopl xtopology tsc_reliable nonstop_tsc aperfmperf eagerfpu pni pclmulqdq ssse3 cx16 pcid sse4_1 sse4_2 x2apic popcnt aes xsave avx f16c rdrand hypervisor lahf_lm ida arat epb xsaveopt pln pts dtherm fsgsbase smep
bogomips	: 5188.08
clflush size	: 64
cache_alignment	: 64
address sizes	: 40 bits physical, 48 bits virtual
power management:



Memory: 4k page, physical 1010460k(234540k free), swap 1046524k(780k free)

vm_info: Java HotSpot(TM) 64-Bit Server VM (25.20-b23) for linux-amd64 JRE (1.8.0_20-b26), built on Jul 30 2014 13:13:52 by "java_re" with gcc 4.3.0 20080428 (Red Hat 4.3.0-8)

time: Sat Sep 20 20:12:50 2014
elapsed time: 9 seconds (0d 0h 0m 9s)

